[0113/095557:INFO:(0)] WebCore is now online.
[0113/095557:INFO:(0)] Running Awesomium 1.7.5.0
[0113/095637:INFO:(0)] WebCore is now online.
[0113/095637:INFO:(0)] Running Awesomium 1.7.5.0
[0113/095647:WARNING:Awesomium.NET(0)] System.ComponentModel.InvalidAsynchronousStateException: An error occurred invoking the method.  The destination thread no longer exists.
   at System.Windows.Forms.WindowsFormsSynchronizationContext.Send(SendOrPostCallback d, Object state)
   at Awesomium.Core.WebCore.SwoYrDtsHvuLJUY08ID(Object , Object , Object )
   at Awesomium.Core.WebCore.wQrBKtHAGh()
[0113/095706:INFO:(0)] WebCore is now online.
[0113/095706:INFO:(0)] Running Awesomium 1.7.5.0
[0113/095711:WARNING:Awesomium.NET(0)] System.ComponentModel.InvalidAsynchronousStateException: An error occurred invoking the method.  The destination thread no longer exists.
   at System.Windows.Forms.WindowsFormsSynchronizationContext.Send(SendOrPostCallback d, Object state)
   at Awesomium.Core.WebCore.SwoYrDtsHvuLJUY08ID(Object , Object , Object )
   at Awesomium.Core.WebCore.wQrBKtHAGh()
[0113/095721:INFO:(0)] WebCore is now online.
[0113/095721:INFO:(0)] Running Awesomium 1.7.5.0
[0113/095727:WARNING:Awesomium.NET(0)] System.ComponentModel.InvalidAsynchronousStateException: An error occurred invoking the method.  The destination thread no longer exists.
   at System.Windows.Forms.WindowsFormsSynchronizationContext.Send(SendOrPostCallback d, Object state)
   at Awesomium.Core.WebCore.SwoYrDtsHvuLJUY08ID(Object , Object , Object )
   at Awesomium.Core.WebCore.wQrBKtHAGh()
[0113/095807:INFO:(0)] WebCore is now online.
[0113/095807:INFO:(0)] Running Awesomium 1.7.5.0
[0113/095815:WARNING:Awesomium.NET(0)] System.ComponentModel.InvalidAsynchronousStateException: An error occurred invoking the method.  The destination thread no longer exists.
   at System.Windows.Forms.WindowsFormsSynchronizationContext.Send(SendOrPostCallback d, Object state)
   at Awesomium.Core.WebCore.SwoYrDtsHvuLJUY08ID(Object , Object , Object )
   at Awesomium.Core.WebCore.wQrBKtHAGh()
[0113/095938:INFO:(0)] WebCore is now online.
[0113/095938:INFO:(0)] Running Awesomium 1.7.5.0
[0113/095942:ERROR:ipc_channel_win.cc(360)] pipe error: 232
[0113/095942:WARNING:Awesomium.NET(0)] System.ComponentModel.InvalidAsynchronousStateException: An error occurred invoking the method.  The destination thread no longer exists.
   at System.Windows.Forms.WindowsFormsSynchronizationContext.Send(SendOrPostCallback d, Object state)
   at Awesomium.Core.WebCore.SwoYrDtsHvuLJUY08ID(Object , Object , Object )
   at Awesomium.Core.WebCore.wQrBKtHAGh()
[0113/100619:INFO:(0)] WebCore is now online.
[0113/100619:INFO:(0)] Running Awesomium 1.7.5.0
[0113/100631:WARNING:Awesomium.NET(0)] System.ComponentModel.InvalidAsynchronousStateException: An error occurred invoking the method.  The destination thread no longer exists.
   at System.Windows.Forms.WindowsFormsSynchronizationContext.Send(SendOrPostCallback d, Object state)
   at Awesomium.Core.WebCore.SwoYrDtsHvuLJUY08ID(Object , Object , Object )
   at Awesomium.Core.WebCore.wQrBKtHAGh()
[0113/100644:INFO:(0)] WebCore is now online.
[0113/100644:INFO:(0)] Running Awesomium 1.7.5.0
[0113/100648:ERROR:ipc_channel_win.cc(360)] pipe error: 232
[0113/100648:WARNING:Awesomium.NET(0)] System.ComponentModel.InvalidAsynchronousStateException: An error occurred invoking the method.  The destination thread no longer exists.
   at System.Windows.Forms.WindowsFormsSynchronizationContext.Send(SendOrPostCallback d, Object state)
   at Awesomium.Core.WebCore.SwoYrDtsHvuLJUY08ID(Object , Object , Object )
   at Awesomium.Core.WebCore.wQrBKtHAGh()
[0113/100904:INFO:(0)] WebCore is now online.
[0113/100904:INFO:(0)] Running Awesomium 1.7.5.0
[0113/100926:WARNING:Awesomium.NET(0)] System.ComponentModel.InvalidAsynchronousStateException: An error occurred invoking the method.  The destination thread no longer exists.
   at System.Windows.Forms.WindowsFormsSynchronizationContext.Send(SendOrPostCallback d, Object state)
   at Awesomium.Core.WebCore.SwoYrDtsHvuLJUY08ID(Object , Object , Object )
   at Awesomium.Core.WebCore.wQrBKtHAGh()
[0113/100929:INFO:(0)] WebCore is now online.
[0113/100929:INFO:(0)] Running Awesomium 1.7.5.0
[0113/100933:WARNING:Awesomium.NET(0)] System.ComponentModel.InvalidAsynchronousStateException: An error occurred invoking the method.  The destination thread no longer exists.
   at System.Windows.Forms.WindowsFormsSynchronizationContext.Send(SendOrPostCallback d, Object state)
   at Awesomium.Core.WebCore.SwoYrDtsHvuLJUY08ID(Object , Object , Object )
   at Awesomium.Core.WebCore.wQrBKtHAGh()
[0113/102215:INFO:(0)] WebCore is now online.
[0113/102215:INFO:(0)] Running Awesomium 1.7.5.0
[0113/102220:WARNING:Awesomium.NET(0)] System.ComponentModel.InvalidAsynchronousStateException: An error occurred invoking the method.  The destination thread no longer exists.
   at System.Windows.Forms.WindowsFormsSynchronizationContext.Send(SendOrPostCallback d, Object state)
   at Awesomium.Core.WebCore.SwoYrDtsHvuLJUY08ID(Object , Object , Object )
   at Awesomium.Core.WebCore.wQrBKtHAGh()
[0113/102402:INFO:(0)] WebCore is now online.
[0113/102402:INFO:(0)] Running Awesomium 1.7.5.0
[0113/102409:WARNING:Awesomium.NET(0)] System.ComponentModel.InvalidAsynchronousStateException: An error occurred invoking the method.  The destination thread no longer exists.
   at System.Windows.Forms.WindowsFormsSynchronizationContext.Send(SendOrPostCallback d, Object state)
   at Awesomium.Core.WebCore.SwoYrDtsHvuLJUY08ID(Object , Object , Object )
   at Awesomium.Core.WebCore.wQrBKtHAGh()
[0113/102719:INFO:(0)] WebCore is now online.
[0113/102719:INFO:(0)] Running Awesomium 1.7.5.0
[0113/102725:WARNING:Awesomium.NET(0)] System.ComponentModel.InvalidAsynchronousStateException: An error occurred invoking the method.  The destination thread no longer exists.
   at System.Windows.Forms.WindowsFormsSynchronizationContext.Send(SendOrPostCallback d, Object state)
   at Awesomium.Core.WebCore.SwoYrDtsHvuLJUY08ID(Object , Object , Object )
   at Awesomium.Core.WebCore.wQrBKtHAGh()
[0113/102745:INFO:(0)] WebCore is now online.
[0113/102745:INFO:(0)] Running Awesomium 1.7.5.0
[0113/102749:WARNING:Awesomium.NET(0)] System.ComponentModel.InvalidAsynchronousStateException: An error occurred invoking the method.  The destination thread no longer exists.
   at System.Windows.Forms.WindowsFormsSynchronizationContext.Send(SendOrPostCallback d, Object state)
   at Awesomium.Core.WebCore.SwoYrDtsHvuLJUY08ID(Object , Object , Object )
   at Awesomium.Core.WebCore.wQrBKtHAGh()
[0113/102915:INFO:(0)] WebCore is now online.
[0113/102915:INFO:(0)] Running Awesomium 1.7.5.0
[0113/102921:WARNING:Awesomium.NET(0)] System.ComponentModel.InvalidAsynchronousStateException: An error occurred invoking the method.  The destination thread no longer exists.
   at System.Windows.Forms.WindowsFormsSynchronizationContext.Send(SendOrPostCallback d, Object state)
   at Awesomium.Core.WebCore.SwoYrDtsHvuLJUY08ID(Object , Object , Object )
   at Awesomium.Core.WebCore.wQrBKtHAGh()
[0113/102944:INFO:(0)] WebCore is now online.
[0113/102944:INFO:(0)] Running Awesomium 1.7.5.0
[0113/102947:WARNING:Awesomium.NET(0)] System.ComponentModel.InvalidAsynchronousStateException: An error occurred invoking the method.  The destination thread no longer exists.
   at System.Windows.Forms.WindowsFormsSynchronizationContext.Send(SendOrPostCallback d, Object state)
   at Awesomium.Core.WebCore.SwoYrDtsHvuLJUY08ID(Object , Object , Object )
   at Awesomium.Core.WebCore.wQrBKtHAGh()
[0113/102950:INFO:(0)] WebCore is now online.
[0113/102950:INFO:(0)] Running Awesomium 1.7.5.0
[0113/102952:WARNING:Awesomium.NET(0)] System.ComponentModel.InvalidAsynchronousStateException: An error occurred invoking the method.  The destination thread no longer exists.
   at System.Windows.Forms.WindowsFormsSynchronizationContext.Send(SendOrPostCallback d, Object state)
   at Awesomium.Core.WebCore.SwoYrDtsHvuLJUY08ID(Object , Object , Object )
   at Awesomium.Core.WebCore.wQrBKtHAGh()
[0113/103008:INFO:(0)] WebCore is now online.
[0113/103008:INFO:(0)] Running Awesomium 1.7.5.0
[0113/103021:WARNING:Awesomium.NET(0)] System.ComponentModel.InvalidAsynchronousStateException: An error occurred invoking the method.  The destination thread no longer exists.
   at System.Windows.Forms.WindowsFormsSynchronizationContext.Send(SendOrPostCallback d, Object state)
   at Awesomium.Core.WebCore.SwoYrDtsHvuLJUY08ID(Object , Object , Object )
   at Awesomium.Core.WebCore.wQrBKtHAGh()
[0113/103138:INFO:(0)] WebCore is now online.
[0113/103138:INFO:(0)] Running Awesomium 1.7.5.0
[0113/103150:WARNING:Awesomium.NET(0)] System.ComponentModel.InvalidAsynchronousStateException: An error occurred invoking the method.  The destination thread no longer exists.
   at System.Windows.Forms.WindowsFormsSynchronizationContext.Send(SendOrPostCallback d, Object state)
   at Awesomium.Core.WebCore.SwoYrDtsHvuLJUY08ID(Object , Object , Object )
   at Awesomium.Core.WebCore.wQrBKtHAGh()
[0113/105209:INFO:(0)] WebCore is now online.
[0113/105209:INFO:(0)] Running Awesomium 1.7.5.0
[0113/105307:WARNING:Awesomium.NET(0)] System.ComponentModel.InvalidAsynchronousStateException: An error occurred invoking the method.  The destination thread no longer exists.
   at System.Windows.Forms.WindowsFormsSynchronizationContext.Send(SendOrPostCallback d, Object state)
   at Awesomium.Core.WebCore.SwoYrDtsHvuLJUY08ID(Object , Object , Object )
   at Awesomium.Core.WebCore.wQrBKtHAGh()
[0113/105632:INFO:(0)] WebCore is now online.
[0113/105632:INFO:(0)] Running Awesomium 1.7.5.0
[0113/105910:WARNING:Awesomium.NET(0)] System.ComponentModel.InvalidAsynchronousStateException: An error occurred invoking the method.  The destination thread no longer exists.
   at System.Windows.Forms.WindowsFormsSynchronizationContext.Send(SendOrPostCallback d, Object state)
   at Awesomium.Core.WebCore.SwoYrDtsHvuLJUY08ID(Object , Object , Object )
   at Awesomium.Core.WebCore.wQrBKtHAGh()
[0113/110309:INFO:(0)] WebCore is now online.
[0113/110309:INFO:(0)] Running Awesomium 1.7.5.0
[0113/110342:WARNING:Awesomium.NET(0)] System.ComponentModel.InvalidAsynchronousStateException: An error occurred invoking the method.  The destination thread no longer exists.
   at System.Windows.Forms.WindowsFormsSynchronizationContext.Send(SendOrPostCallback d, Object state)
   at Awesomium.Core.WebCore.SwoYrDtsHvuLJUY08ID(Object , Object , Object )
   at Awesomium.Core.WebCore.wQrBKtHAGh()
[0113/110743:INFO:(0)] WebCore is now online.
[0113/110743:INFO:(0)] Running Awesomium 1.7.5.0
[0113/110815:WARNING:Awesomium.NET(0)] System.ComponentModel.InvalidAsynchronousStateException: An error occurred invoking the method.  The destination thread no longer exists.
   at System.Windows.Forms.WindowsFormsSynchronizationContext.Send(SendOrPostCallback d, Object state)
   at Awesomium.Core.WebCore.SwoYrDtsHvuLJUY08ID(Object , Object , Object )
   at Awesomium.Core.WebCore.wQrBKtHAGh()
[0113/110835:INFO:(0)] WebCore is now online.
[0113/110835:INFO:(0)] Running Awesomium 1.7.5.0
[0113/110955:WARNING:Awesomium.NET(0)] System.ComponentModel.InvalidAsynchronousStateException: An error occurred invoking the method.  The destination thread no longer exists.
   at System.Windows.Forms.WindowsFormsSynchronizationContext.Send(SendOrPostCallback d, Object state)
   at Awesomium.Core.WebCore.SwoYrDtsHvuLJUY08ID(Object , Object , Object )
   at Awesomium.Core.WebCore.wQrBKtHAGh()
[0113/110956:INFO:(0)] WebCore is now online.
[0113/110956:INFO:(0)] Running Awesomium 1.7.5.0
[0113/111128:WARNING:Awesomium.NET(0)] System.ComponentModel.InvalidAsynchronousStateException: An error occurred invoking the method.  The destination thread no longer exists.
   at System.Windows.Forms.WindowsFormsSynchronizationContext.Send(SendOrPostCallback d, Object state)
   at Awesomium.Core.WebCore.SwoYrDtsHvuLJUY08ID(Object , Object , Object )
   at Awesomium.Core.WebCore.wQrBKtHAGh()
[0113/111157:INFO:(0)] WebCore is now online.
[0113/111157:INFO:(0)] Running Awesomium 1.7.5.0
[0113/111230:WARNING:Awesomium.NET(0)] System.ComponentModel.InvalidAsynchronousStateException: An error occurred invoking the method.  The destination thread no longer exists.
   at System.Windows.Forms.WindowsFormsSynchronizationContext.Send(SendOrPostCallback d, Object state)
   at Awesomium.Core.WebCore.SwoYrDtsHvuLJUY08ID(Object , Object , Object )
   at Awesomium.Core.WebCore.wQrBKtHAGh()
[0113/111405:INFO:(0)] WebCore is now online.
[0113/111405:INFO:(0)] Running Awesomium 1.7.5.0
[0113/111545:WARNING:Awesomium.NET(0)] System.ComponentModel.InvalidAsynchronousStateException: An error occurred invoking the method.  The destination thread no longer exists.
   at System.Windows.Forms.WindowsFormsSynchronizationContext.Send(SendOrPostCallback d, Object state)
   at Awesomium.Core.WebCore.SwoYrDtsHvuLJUY08ID(Object , Object , Object )
   at Awesomium.Core.WebCore.wQrBKtHAGh()
[0113/111552:INFO:(0)] WebCore is now online.
[0113/111552:INFO:(0)] Running Awesomium 1.7.5.0
[0113/111839:WARNING:Awesomium.NET(0)] System.ComponentModel.InvalidAsynchronousStateException: An error occurred invoking the method.  The destination thread no longer exists.
   at System.Windows.Forms.WindowsFormsSynchronizationContext.Send(SendOrPostCallback d, Object state)
   at Awesomium.Core.WebCore.SwoYrDtsHvuLJUY08ID(Object , Object , Object )
   at Awesomium.Core.WebCore.wQrBKtHAGh()
[0113/111842:INFO:(0)] WebCore is now online.
[0113/111842:INFO:(0)] Running Awesomium 1.7.5.0
[0113/112233:WARNING:Awesomium.NET(0)] System.ComponentModel.InvalidAsynchronousStateException: An error occurred invoking the method.  The destination thread no longer exists.
   at System.Windows.Forms.WindowsFormsSynchronizationContext.Send(SendOrPostCallback d, Object state)
   at Awesomium.Core.WebCore.SwoYrDtsHvuLJUY08ID(Object , Object , Object )
   at Awesomium.Core.WebCore.wQrBKtHAGh()
[0113/113131:INFO:(0)] WebCore is now online.
[0113/113131:INFO:(0)] Running Awesomium 1.7.5.0
[0113/114042:WARNING:Awesomium.NET(0)] System.ComponentModel.InvalidAsynchronousStateException: An error occurred invoking the method.  The destination thread no longer exists.
   at System.Windows.Forms.WindowsFormsSynchronizationContext.Send(SendOrPostCallback d, Object state)
   at Awesomium.Core.WebCore.SwoYrDtsHvuLJUY08ID(Object , Object , Object )
   at Awesomium.Core.WebCore.wQrBKtHAGh()
[0113/114049:INFO:(0)] WebCore is now online.
[0113/114049:INFO:(0)] Running Awesomium 1.7.5.0
[0113/114247:WARNING:Awesomium.NET(0)] System.ComponentModel.InvalidAsynchronousStateException: An error occurred invoking the method.  The destination thread no longer exists.
   at System.Windows.Forms.WindowsFormsSynchronizationContext.Send(SendOrPostCallback d, Object state)
   at Awesomium.Core.WebCore.SwoYrDtsHvuLJUY08ID(Object , Object , Object )
   at Awesomium.Core.WebCore.wQrBKtHAGh()
[0113/114251:INFO:(0)] WebCore is now online.
[0113/114251:INFO:(0)] Running Awesomium 1.7.5.0
[0113/114517:WARNING:Awesomium.NET(0)] System.ComponentModel.InvalidAsynchronousStateException: An error occurred invoking the method.  The destination thread no longer exists.
   at System.Windows.Forms.WindowsFormsSynchronizationContext.Send(SendOrPostCallback d, Object state)
   at Awesomium.Core.WebCore.SwoYrDtsHvuLJUY08ID(Object , Object , Object )
   at Awesomium.Core.WebCore.wQrBKtHAGh()
[0113/114519:INFO:(0)] WebCore is now online.
[0113/114519:INFO:(0)] Running Awesomium 1.7.5.0
[0113/115038:WARNING:Awesomium.NET(0)] System.ComponentModel.InvalidAsynchronousStateException: An error occurred invoking the method.  The destination thread no longer exists.
   at System.Windows.Forms.WindowsFormsSynchronizationContext.Send(SendOrPostCallback d, Object state)
   at Awesomium.Core.WebCore.SwoYrDtsHvuLJUY08ID(Object , Object , Object )
   at Awesomium.Core.WebCore.wQrBKtHAGh()
[0113/115046:INFO:(0)] WebCore is now online.
[0113/115046:INFO:(0)] Running Awesomium 1.7.5.0
[0113/115240:WARNING:Awesomium.NET(0)] System.ComponentModel.InvalidAsynchronousStateException: An error occurred invoking the method.  The destination thread no longer exists.
   at System.Windows.Forms.WindowsFormsSynchronizationContext.Send(SendOrPostCallback d, Object state)
   at Awesomium.Core.WebCore.SwoYrDtsHvuLJUY08ID(Object , Object , Object )
   at Awesomium.Core.WebCore.wQrBKtHAGh()
[0113/115244:INFO:(0)] WebCore is now online.
[0113/115244:INFO:(0)] Running Awesomium 1.7.5.0
[0113/115428:ERROR:ipc_channel_win.cc(360)] pipe error: 232
[0113/115428:WARNING:Awesomium.NET(0)] System.ComponentModel.InvalidAsynchronousStateException: An error occurred invoking the method.  The destination thread no longer exists.
   at System.Windows.Forms.WindowsFormsSynchronizationContext.Send(SendOrPostCallback d, Object state)
   at Awesomium.Core.WebCore.SwoYrDtsHvuLJUY08ID(Object , Object , Object )
   at Awesomium.Core.WebCore.wQrBKtHAGh()
[0113/115431:INFO:(0)] WebCore is now online.
[0113/115431:INFO:(0)] Running Awesomium 1.7.5.0
[0113/115543:WARNING:Awesomium.NET(0)] System.ComponentModel.InvalidAsynchronousStateException: An error occurred invoking the method.  The destination thread no longer exists.
   at System.Windows.Forms.WindowsFormsSynchronizationContext.Send(SendOrPostCallback d, Object state)
   at Awesomium.Core.WebCore.SwoYrDtsHvuLJUY08ID(Object , Object , Object )
   at Awesomium.Core.WebCore.wQrBKtHAGh()
[0113/115559:INFO:(0)] WebCore is now online.
[0113/115559:INFO:(0)] Running Awesomium 1.7.5.0
[0113/115802:WARNING:Awesomium.NET(0)] System.ComponentModel.InvalidAsynchronousStateException: An error occurred invoking the method.  The destination thread no longer exists.
   at System.Windows.Forms.WindowsFormsSynchronizationContext.Send(SendOrPostCallback d, Object state)
   at Awesomium.Core.WebCore.SwoYrDtsHvuLJUY08ID(Object , Object , Object )
   at Awesomium.Core.WebCore.wQrBKtHAGh()
[0113/120026:INFO:(0)] WebCore is now online.
[0113/120026:INFO:(0)] Running Awesomium 1.7.5.0
[0113/120725:ERROR:socket_stream_dispatcher_host.cc(143)] socket_id=2 already closed.
[0113/121101:WARNING:Awesomium.NET(0)] System.ComponentModel.InvalidAsynchronousStateException: An error occurred invoking the method.  The destination thread no longer exists.
   at System.Windows.Forms.WindowsFormsSynchronizationContext.Send(SendOrPostCallback d, Object state)
   at Awesomium.Core.WebCore.SwoYrDtsHvuLJUY08ID(Object , Object , Object )
   at Awesomium.Core.WebCore.wQrBKtHAGh()
[0113/121104:INFO:(0)] WebCore is now online.
[0113/121104:INFO:(0)] Running Awesomium 1.7.5.0
[0113/121133:WARNING:Awesomium.NET(0)] System.ComponentModel.InvalidAsynchronousStateException: An error occurred invoking the method.  The destination thread no longer exists.
   at System.Windows.Forms.WindowsFormsSynchronizationContext.Send(SendOrPostCallback d, Object state)
   at Awesomium.Core.WebCore.SwoYrDtsHvuLJUY08ID(Object , Object , Object )
   at Awesomium.Core.WebCore.wQrBKtHAGh()
[0113/121137:INFO:(0)] WebCore is now online.
[0113/121137:INFO:(0)] Running Awesomium 1.7.5.0
[0113/121146:ERROR:socket_stream_dispatcher_host.cc(143)] socket_id=2 already closed.
[0113/121410:WARNING:Awesomium.NET(0)] System.ComponentModel.InvalidAsynchronousStateException: An error occurred invoking the method.  The destination thread no longer exists.
   at System.Windows.Forms.WindowsFormsSynchronizationContext.Send(SendOrPostCallback d, Object state)
   at Awesomium.Core.WebCore.SwoYrDtsHvuLJUY08ID(Object , Object , Object )
   at Awesomium.Core.WebCore.wQrBKtHAGh()
[0113/121416:INFO:(0)] WebCore is now online.
[0113/121416:INFO:(0)] Running Awesomium 1.7.5.0
[0113/121440:ERROR:socket_stream_dispatcher_host.cc(143)] socket_id=2 already closed.
[0113/124035:WARNING:Awesomium.NET(0)] System.ComponentModel.InvalidAsynchronousStateException: An error occurred invoking the method.  The destination thread no longer exists.
   at System.Windows.Forms.WindowsFormsSynchronizationContext.Send(SendOrPostCallback d, Object state)
   at Awesomium.Core.WebCore.SwoYrDtsHvuLJUY08ID(Object , Object , Object )
   at Awesomium.Core.WebCore.wQrBKtHAGh()
[0113/124344:INFO:(0)] WebCore is now online.
[0113/124344:INFO:(0)] Running Awesomium 1.7.5.0
[0113/124705:WARNING:Awesomium.NET(0)] System.ComponentModel.InvalidAsynchronousStateException: An error occurred invoking the method.  The destination thread no longer exists.
   at System.Windows.Forms.WindowsFormsSynchronizationContext.Send(SendOrPostCallback d, Object state)
   at Awesomium.Core.WebCore.SwoYrDtsHvuLJUY08ID(Object , Object , Object )
   at Awesomium.Core.WebCore.wQrBKtHAGh()
[0113/125029:INFO:(0)] WebCore is now online.
[0113/125029:INFO:(0)] Running Awesomium 1.7.5.0
[0113/125346:WARNING:Awesomium.NET(0)] System.ComponentModel.InvalidAsynchronousStateException: An error occurred invoking the method.  The destination thread no longer exists.
   at System.Windows.Forms.WindowsFormsSynchronizationContext.Send(SendOrPostCallback d, Object state)
   at Awesomium.Core.WebCore.SwoYrDtsHvuLJUY08ID(Object , Object , Object )
   at Awesomium.Core.WebCore.wQrBKtHAGh()
[0113/125623:INFO:(0)] WebCore is now online.
[0113/125623:INFO:(0)] Running Awesomium 1.7.5.0
[0113/125632:ERROR:socket_stream_dispatcher_host.cc(143)] socket_id=2 already closed.
[0113/125703:WARNING:Awesomium.NET(0)] System.ComponentModel.InvalidAsynchronousStateException: An error occurred invoking the method.  The destination thread no longer exists.
   at System.Windows.Forms.WindowsFormsSynchronizationContext.Send(SendOrPostCallback d, Object state)
   at Awesomium.Core.WebCore.SwoYrDtsHvuLJUY08ID(Object , Object , Object )
   at Awesomium.Core.WebCore.wQrBKtHAGh()
[0113/125705:INFO:(0)] WebCore is now online.
[0113/125705:INFO:(0)] Running Awesomium 1.7.5.0
[0113/125743:WARNING:Awesomium.NET(0)] System.ComponentModel.InvalidAsynchronousStateException: An error occurred invoking the method.  The destination thread no longer exists.
   at System.Windows.Forms.WindowsFormsSynchronizationContext.Send(SendOrPostCallback d, Object state)
   at Awesomium.Core.WebCore.SwoYrDtsHvuLJUY08ID(Object , Object , Object )
   at Awesomium.Core.WebCore.wQrBKtHAGh()
[0113/125823:INFO:(0)] WebCore is now online.
[0113/125823:INFO:(0)] Running Awesomium 1.7.5.0
[0113/125837:ERROR:socket_stream_dispatcher_host.cc(143)] socket_id=2 already closed.
[0113/125853:ERROR:ipc_channel_win.cc(360)] pipe error: 232
[0113/125853:WARNING:Awesomium.NET(0)] System.ComponentModel.InvalidAsynchronousStateException: An error occurred invoking the method.  The destination thread no longer exists.
   at System.Windows.Forms.WindowsFormsSynchronizationContext.Send(SendOrPostCallback d, Object state)
   at Awesomium.Core.WebCore.SwoYrDtsHvuLJUY08ID(Object , Object , Object )
   at Awesomium.Core.WebCore.wQrBKtHAGh()
[0113/133214:INFO:(0)] WebCore is now online.
[0113/133214:INFO:(0)] Running Awesomium 1.7.5.0
[0113/133230:ERROR:socket_stream_dispatcher_host.cc(143)] socket_id=2 already closed.
[0113/133302:WARNING:Awesomium.NET(0)] System.ComponentModel.InvalidAsynchronousStateException: An error occurred invoking the method.  The destination thread no longer exists.
   at System.Windows.Forms.WindowsFormsSynchronizationContext.Send(SendOrPostCallback d, Object state)
   at Awesomium.Core.WebCore.SwoYrDtsHvuLJUY08ID(Object , Object , Object )
   at Awesomium.Core.WebCore.wQrBKtHAGh()
[0113/155505:INFO:(0)] WebCore is now online.
[0113/155505:INFO:(0)] Running Awesomium 1.7.5.0
[0113/155511:WARNING:Awesomium.NET(0)] System.ComponentModel.InvalidAsynchronousStateException: An error occurred invoking the method.  The destination thread no longer exists.
   at System.Windows.Forms.WindowsFormsSynchronizationContext.Send(SendOrPostCallback d, Object state)
   at Awesomium.Core.WebCore.SwoYrDtsHvuLJUY08ID(Object , Object , Object )
   at Awesomium.Core.WebCore.wQrBKtHAGh()
[0114/142229:INFO:(0)] WebCore is now online.
[0114/142229:INFO:(0)] Running Awesomium 1.7.5.0
[0114/142500:ERROR:socket_stream_dispatcher_host.cc(143)] socket_id=2 already closed.
[0114/142517:WARNING:Awesomium.NET(0)] System.ComponentModel.InvalidAsynchronousStateException: An error occurred invoking the method.  The destination thread no longer exists.
   at System.Windows.Forms.WindowsFormsSynchronizationContext.Send(SendOrPostCallback d, Object state)
   at Awesomium.Core.WebCore.SwoYrDtsHvuLJUY08ID(Object , Object , Object )
   at Awesomium.Core.WebCore.wQrBKtHAGh()
[0114/143802:INFO:(0)] WebCore is now online.
[0114/143802:INFO:(0)] Running Awesomium 1.7.5.0
[0114/143810:WARNING:Awesomium.NET(0)] System.ComponentModel.InvalidAsynchronousStateException: An error occurred invoking the method.  The destination thread no longer exists.
   at System.Windows.Forms.WindowsFormsSynchronizationContext.Send(SendOrPostCallback d, Object state)
   at Awesomium.Core.WebCore.SwoYrDtsHvuLJUY08ID(Object , Object , Object )
   at Awesomium.Core.WebCore.wQrBKtHAGh()
[0114/143814:INFO:(0)] WebCore is now online.
[0114/143814:INFO:(0)] Running Awesomium 1.7.5.0
[0114/143822:WARNING:Awesomium.NET(0)] System.ComponentModel.InvalidAsynchronousStateException: An error occurred invoking the method.  The destination thread no longer exists.
   at System.Windows.Forms.WindowsFormsSynchronizationContext.Send(SendOrPostCallback d, Object state)
   at Awesomium.Core.WebCore.SwoYrDtsHvuLJUY08ID(Object , Object , Object )
   at Awesomium.Core.WebCore.wQrBKtHAGh()
[0114/144510:INFO:(0)] WebCore is now online.
[0114/144510:INFO:(0)] Running Awesomium 1.7.5.0
[0114/144522:INFO:(0)] WebCore is now online.
[0114/144522:INFO:(0)] Running Awesomium 1.7.5.0
[0114/145050:INFO:(0)] WebCore is now online.
[0114/145050:INFO:(0)] Running Awesomium 1.7.5.0
[0114/145056:WARNING:Awesomium.NET(0)] System.ComponentModel.InvalidAsynchronousStateException: An error occurred invoking the method.  The destination thread no longer exists.
   at System.Windows.Forms.WindowsFormsSynchronizationContext.Send(SendOrPostCallback d, Object state)
   at Awesomium.Core.WebCore.SwoYrDtsHvuLJUY08ID(Object , Object , Object )
   at Awesomium.Core.WebCore.wQrBKtHAGh()
[0114/145222:INFO:(0)] WebCore is now online.
[0114/145222:INFO:(0)] Running Awesomium 1.7.5.0
[0114/145230:WARNING:Awesomium.NET(0)] System.ComponentModel.InvalidAsynchronousStateException: An error occurred invoking the method.  The destination thread no longer exists.
   at System.Windows.Forms.WindowsFormsSynchronizationContext.Send(SendOrPostCallback d, Object state)
   at Awesomium.Core.WebCore.SwoYrDtsHvuLJUY08ID(Object , Object , Object )
   at Awesomium.Core.WebCore.wQrBKtHAGh()
[0114/145302:INFO:(0)] WebCore is now online.
[0114/145302:INFO:(0)] Running Awesomium 1.7.5.0
[0114/145305:ERROR:ipc_channel_win.cc(360)] pipe error: 232
[0114/145305:WARNING:Awesomium.NET(0)] System.ComponentModel.InvalidAsynchronousStateException: An error occurred invoking the method.  The destination thread no longer exists.
   at System.Windows.Forms.WindowsFormsSynchronizationContext.Send(SendOrPostCallback d, Object state)
   at Awesomium.Core.WebCore.SwoYrDtsHvuLJUY08ID(Object , Object , Object )
   at Awesomium.Core.WebCore.wQrBKtHAGh()
[0114/145649:INFO:(0)] WebCore is now online.
[0114/145649:INFO:(0)] Running Awesomium 1.7.5.0
[0114/145742:WARNING:Awesomium.NET(0)] System.ComponentModel.InvalidAsynchronousStateException: An error occurred invoking the method.  The destination thread no longer exists.
   at System.Windows.Forms.WindowsFormsSynchronizationContext.Send(SendOrPostCallback d, Object state)
   at Awesomium.Core.WebCore.SwoYrDtsHvuLJUY08ID(Object , Object , Object )
   at Awesomium.Core.WebCore.wQrBKtHAGh()
[0114/145800:INFO:(0)] WebCore is now online.
[0114/145800:INFO:(0)] Running Awesomium 1.7.5.0
[0114/145813:ERROR:socket_stream_dispatcher_host.cc(143)] socket_id=2 already closed.
[0114/145828:WARNING:Awesomium.NET(0)] System.ComponentModel.InvalidAsynchronousStateException: An error occurred invoking the method.  The destination thread no longer exists.
   at System.Windows.Forms.WindowsFormsSynchronizationContext.Send(SendOrPostCallback d, Object state)
   at Awesomium.Core.WebCore.SwoYrDtsHvuLJUY08ID(Object , Object , Object )
   at Awesomium.Core.WebCore.wQrBKtHAGh()
[0114/145922:INFO:(0)] WebCore is now online.
[0114/145922:INFO:(0)] Running Awesomium 1.7.5.0
[0114/145931:ERROR:socket_stream_dispatcher_host.cc(143)] socket_id=2 already closed.
[0114/145947:WARNING:Awesomium.NET(0)] System.ComponentModel.InvalidAsynchronousStateException: An error occurred invoking the method.  The destination thread no longer exists.
   at System.Windows.Forms.WindowsFormsSynchronizationContext.Send(SendOrPostCallback d, Object state)
   at Awesomium.Core.WebCore.SwoYrDtsHvuLJUY08ID(Object , Object , Object )
   at Awesomium.Core.WebCore.wQrBKtHAGh()
[0114/150854:INFO:(0)] WebCore is now online.
[0114/150854:INFO:(0)] Running Awesomium 1.7.5.0
[0114/150903:ERROR:socket_stream_dispatcher_host.cc(143)] socket_id=2 already closed.
[0114/150928:WARNING:Awesomium.NET(0)] System.ComponentModel.InvalidAsynchronousStateException: An error occurred invoking the method.  The destination thread no longer exists.
   at System.Windows.Forms.WindowsFormsSynchronizationContext.Send(SendOrPostCallback d, Object state)
   at Awesomium.Core.WebCore.SwoYrDtsHvuLJUY08ID(Object , Object , Object )
   at Awesomium.Core.WebCore.wQrBKtHAGh()
[0114/150952:INFO:(0)] WebCore is now online.
[0114/150952:INFO:(0)] Running Awesomium 1.7.5.0
[0114/151001:ERROR:socket_stream_dispatcher_host.cc(143)] socket_id=2 already closed.
[0114/151049:WARNING:Awesomium.NET(0)] System.ComponentModel.InvalidAsynchronousStateException: An error occurred invoking the method.  The destination thread no longer exists.
   at System.Windows.Forms.WindowsFormsSynchronizationContext.Send(SendOrPostCallback d, Object state)
   at Awesomium.Core.WebCore.SwoYrDtsHvuLJUY08ID(Object , Object , Object )
   at Awesomium.Core.WebCore.wQrBKtHAGh()
[0114/151056:INFO:(0)] WebCore is now online.
[0114/151056:INFO:(0)] Running Awesomium 1.7.5.0
[0114/151104:ERROR:socket_stream_dispatcher_host.cc(143)] socket_id=2 already closed.
[0114/151115:ERROR:ipc_channel_win.cc(360)] pipe error: 232
[0114/151115:WARNING:Awesomium.NET(0)] System.ComponentModel.InvalidAsynchronousStateException: An error occurred invoking the method.  The destination thread no longer exists.
   at System.Windows.Forms.WindowsFormsSynchronizationContext.Send(SendOrPostCallback d, Object state)
   at Awesomium.Core.WebCore.SwoYrDtsHvuLJUY08ID(Object , Object , Object )
   at Awesomium.Core.WebCore.wQrBKtHAGh()
[0114/151319:INFO:(0)] WebCore is now online.
[0114/151319:INFO:(0)] Running Awesomium 1.7.5.0
[0114/151329:INFO:(0)] WebCore is now online.
[0114/151329:INFO:(0)] Running Awesomium 1.7.5.0
[0114/151336:ERROR:socket_stream_dispatcher_host.cc(143)] socket_id=2 already closed.
[0114/151340:WARNING:Awesomium.NET(0)] System.ComponentModel.InvalidAsynchronousStateException: An error occurred invoking the method.  The destination thread no longer exists.
   at System.Windows.Forms.WindowsFormsSynchronizationContext.Send(SendOrPostCallback d, Object state)
   at Awesomium.Core.WebCore.SwoYrDtsHvuLJUY08ID(Object , Object , Object )
   at Awesomium.Core.WebCore.wQrBKtHAGh()
[0114/153924:INFO:(0)] WebCore is now online.
[0114/153924:INFO:(0)] Running Awesomium 1.7.5.0
[0114/153949:INFO:(0)] WebCore is now online.
[0114/153949:INFO:(0)] Running Awesomium 1.7.5.0
[0114/154104:INFO:(0)] WebCore is now online.
[0114/154104:INFO:(0)] Running Awesomium 1.7.5.0
[0114/154120:ERROR:socket_stream_dispatcher_host.cc(143)] socket_id=2 already closed.
[0114/154153:WARNING:Awesomium.NET(0)] System.ComponentModel.InvalidAsynchronousStateException: An error occurred invoking the method.  The destination thread no longer exists.
   at System.Windows.Forms.WindowsFormsSynchronizationContext.Send(SendOrPostCallback d, Object state)
   at Awesomium.Core.WebCore.SwoYrDtsHvuLJUY08ID(Object , Object , Object )
   at Awesomium.Core.WebCore.wQrBKtHAGh()
[0114/154201:INFO:(0)] WebCore is now online.
[0114/154201:INFO:(0)] Running Awesomium 1.7.5.0
[0114/154211:ERROR:socket_stream_dispatcher_host.cc(143)] socket_id=2 already closed.
[0114/154214:WARNING:Awesomium.NET(0)] System.ComponentModel.InvalidAsynchronousStateException: An error occurred invoking the method.  The destination thread no longer exists.
   at System.Windows.Forms.WindowsFormsSynchronizationContext.Send(SendOrPostCallback d, Object state)
   at Awesomium.Core.WebCore.SwoYrDtsHvuLJUY08ID(Object , Object , Object )
   at Awesomium.Core.WebCore.wQrBKtHAGh()
[0114/154430:INFO:(0)] WebCore is now online.
[0114/154430:INFO:(0)] Running Awesomium 1.7.5.0
[0114/154554:ERROR:socket_stream_dispatcher_host.cc(143)] socket_id=1 already closed.
[0114/154710:WARNING:Awesomium.NET(0)] System.ComponentModel.InvalidAsynchronousStateException: An error occurred invoking the method.  The destination thread no longer exists.
   at System.Windows.Forms.WindowsFormsSynchronizationContext.Send(SendOrPostCallback d, Object state)
   at Awesomium.Core.WebCore.SwoYrDtsHvuLJUY08ID(Object , Object , Object )
   at Awesomium.Core.WebCore.wQrBKtHAGh()
[0114/154805:INFO:(0)] WebCore is now online.
[0114/154805:INFO:(0)] Running Awesomium 1.7.5.0
[0114/154811:ERROR:ipc_channel_win.cc(360)] pipe error: 232
[0114/154811:WARNING:Awesomium.NET(0)] System.ComponentModel.InvalidAsynchronousStateException: An error occurred invoking the method.  The destination thread no longer exists.
   at System.Windows.Forms.WindowsFormsSynchronizationContext.Send(SendOrPostCallback d, Object state)
   at Awesomium.Core.WebCore.SwoYrDtsHvuLJUY08ID(Object , Object , Object )
   at Awesomium.Core.WebCore.wQrBKtHAGh()
[0114/154817:INFO:(0)] WebCore is now online.
[0114/154817:INFO:(0)] Running Awesomium 1.7.5.0
[0114/154825:ERROR:socket_stream_dispatcher_host.cc(143)] socket_id=2 already closed.
[0114/154845:WARNING:Awesomium.NET(0)] System.ComponentModel.InvalidAsynchronousStateException: An error occurred invoking the method.  The destination thread no longer exists.
   at System.Windows.Forms.WindowsFormsSynchronizationContext.Send(SendOrPostCallback d, Object state)
   at Awesomium.Core.WebCore.SwoYrDtsHvuLJUY08ID(Object , Object , Object )
   at Awesomium.Core.WebCore.wQrBKtHAGh()
[0114/154918:INFO:(0)] WebCore is now online.
[0114/154918:INFO:(0)] Running Awesomium 1.7.5.0
[0114/154932:ERROR:socket_stream_dispatcher_host.cc(143)] socket_id=2 already closed.
[0114/155352:WARNING:Awesomium.NET(0)] System.ComponentModel.InvalidAsynchronousStateException: An error occurred invoking the method.  The destination thread no longer exists.
   at System.Windows.Forms.WindowsFormsSynchronizationContext.Send(SendOrPostCallback d, Object state)
   at Awesomium.Core.WebCore.SwoYrDtsHvuLJUY08ID(Object , Object , Object )
   at Awesomium.Core.WebCore.wQrBKtHAGh()
[0114/155416:INFO:(0)] WebCore is now online.
[0114/155416:INFO:(0)] Running Awesomium 1.7.5.0
[0114/155514:INFO:(0)] WebCore is now online.
[0114/155514:INFO:(0)] Running Awesomium 1.7.5.0
[0114/155633:INFO:(0)] WebCore is now online.
[0114/155633:INFO:(0)] Running Awesomium 1.7.5.0
[0114/155743:INFO:(0)] WebCore is now online.
[0114/155743:INFO:(0)] Running Awesomium 1.7.5.0
[0114/155906:INFO:(0)] WebCore is now online.
[0114/155906:INFO:(0)] Running Awesomium 1.7.5.0
[0114/155923:ERROR:socket_stream_dispatcher_host.cc(143)] socket_id=2 already closed.
[0114/155927:WARNING:Awesomium.NET(0)] System.ComponentModel.InvalidAsynchronousStateException: An error occurred invoking the method.  The destination thread no longer exists.
   at System.Windows.Forms.WindowsFormsSynchronizationContext.Send(SendOrPostCallback d, Object state)
   at Awesomium.Core.WebCore.SwoYrDtsHvuLJUY08ID(Object , Object , Object )
   at Awesomium.Core.WebCore.wQrBKtHAGh()
[0114/155931:INFO:(0)] WebCore is now online.
[0114/155931:INFO:(0)] Running Awesomium 1.7.5.0
[0114/155941:ERROR:socket_stream_dispatcher_host.cc(143)] socket_id=2 already closed.
[0114/160125:WARNING:Awesomium.NET(0)] System.ComponentModel.InvalidAsynchronousStateException: An error occurred invoking the method.  The destination thread no longer exists.
   at System.Windows.Forms.WindowsFormsSynchronizationContext.Send(SendOrPostCallback d, Object state)
   at Awesomium.Core.WebCore.SwoYrDtsHvuLJUY08ID(Object , Object , Object )
   at Awesomium.Core.WebCore.wQrBKtHAGh()
[0114/160210:INFO:(0)] WebCore is now online.
[0114/160210:INFO:(0)] Running Awesomium 1.7.5.0
[0114/160221:ERROR:socket_stream_dispatcher_host.cc(143)] socket_id=2 already closed.
[0114/160326:WARNING:Awesomium.NET(0)] System.ComponentModel.InvalidAsynchronousStateException: An error occurred invoking the method.  The destination thread no longer exists.
   at System.Windows.Forms.WindowsFormsSynchronizationContext.Send(SendOrPostCallback d, Object state)
   at Awesomium.Core.WebCore.SwoYrDtsHvuLJUY08ID(Object , Object , Object )
   at Awesomium.Core.WebCore.wQrBKtHAGh()
[0114/160348:INFO:(0)] WebCore is now online.
[0114/160348:INFO:(0)] Running Awesomium 1.7.5.0
[0114/160356:ERROR:socket_stream_dispatcher_host.cc(143)] socket_id=2 already closed.
[0114/160411:WARNING:Awesomium.NET(0)] System.ComponentModel.InvalidAsynchronousStateException: An error occurred invoking the method.  The destination thread no longer exists.
   at System.Windows.Forms.WindowsFormsSynchronizationContext.Send(SendOrPostCallback d, Object state)
   at Awesomium.Core.WebCore.SwoYrDtsHvuLJUY08ID(Object , Object , Object )
   at Awesomium.Core.WebCore.wQrBKtHAGh()
[0114/160455:INFO:(0)] WebCore is now online.
[0114/160455:INFO:(0)] Running Awesomium 1.7.5.0
[0114/160459:WARNING:Awesomium.NET(0)] System.ComponentModel.InvalidAsynchronousStateException: An error occurred invoking the method.  The destination thread no longer exists.
   at System.Windows.Forms.WindowsFormsSynchronizationContext.Send(SendOrPostCallback d, Object state)
   at Awesomium.Core.WebCore.SwoYrDtsHvuLJUY08ID(Object , Object , Object )
   at Awesomium.Core.WebCore.wQrBKtHAGh()
[0114/160510:INFO:(0)] WebCore is now online.
[0114/160510:INFO:(0)] Running Awesomium 1.7.5.0
[0114/160656:WARNING:Awesomium.NET(0)] System.ComponentModel.InvalidAsynchronousStateException: An error occurred invoking the method.  The destination thread no longer exists.
   at System.Windows.Forms.WindowsFormsSynchronizationContext.Send(SendOrPostCallback d, Object state)
   at Awesomium.Core.WebCore.SwoYrDtsHvuLJUY08ID(Object , Object , Object )
   at Awesomium.Core.WebCore.wQrBKtHAGh()
[0114/160914:INFO:(0)] WebCore is now online.
[0114/160914:INFO:(0)] Running Awesomium 1.7.5.0
[0114/161004:INFO:(0)] WebCore is now online.
[0114/161004:INFO:(0)] Running Awesomium 1.7.5.0
[0114/161058:WARNING:Awesomium.NET(0)] System.ComponentModel.InvalidAsynchronousStateException: An error occurred invoking the method.  The destination thread no longer exists.
   at System.Windows.Forms.WindowsFormsSynchronizationContext.Send(SendOrPostCallback d, Object state)
   at Awesomium.Core.WebCore.SwoYrDtsHvuLJUY08ID(Object , Object , Object )
   at Awesomium.Core.WebCore.wQrBKtHAGh()
[0114/161450:INFO:(0)] WebCore is now online.
[0114/161450:INFO:(0)] Running Awesomium 1.7.5.0
[0114/161601:INFO:(0)] WebCore is now online.
[0114/161601:INFO:(0)] Running Awesomium 1.7.5.0
[0114/161635:WARNING:Awesomium.NET(0)] System.ComponentModel.InvalidAsynchronousStateException: An error occurred invoking the method.  The destination thread no longer exists.
   at System.Windows.Forms.WindowsFormsSynchronizationContext.Send(SendOrPostCallback d, Object state)
   at Awesomium.Core.WebCore.SwoYrDtsHvuLJUY08ID(Object , Object , Object )
   at Awesomium.Core.WebCore.wQrBKtHAGh()
[0114/161651:INFO:(0)] WebCore is now online.
[0114/161651:INFO:(0)] Running Awesomium 1.7.5.0
[0114/161708:WARNING:Awesomium.NET(0)] System.ComponentModel.InvalidAsynchronousStateException: An error occurred invoking the method.  The destination thread no longer exists.
   at System.Windows.Forms.WindowsFormsSynchronizationContext.Send(SendOrPostCallback d, Object state)
   at Awesomium.Core.WebCore.SwoYrDtsHvuLJUY08ID(Object , Object , Object )
   at Awesomium.Core.WebCore.wQrBKtHAGh()
[0114/161748:INFO:(0)] WebCore is now online.
[0114/161748:INFO:(0)] Running Awesomium 1.7.5.0
[0114/161749:WARNING:Awesomium.NET(0)] System.ComponentModel.InvalidAsynchronousStateException: An error occurred invoking the method.  The destination thread no longer exists.
   at System.Windows.Forms.WindowsFormsSynchronizationContext.Send(SendOrPostCallback d, Object state)
   at Awesomium.Core.WebCore.SwoYrDtsHvuLJUY08ID(Object , Object , Object )
   at Awesomium.Core.WebCore.wQrBKtHAGh()
[0114/162935:INFO:(0)] WebCore is now online.
[0114/162935:INFO:(0)] Running Awesomium 1.7.5.0
[0114/162954:WARNING:Awesomium.NET(0)] System.ComponentModel.InvalidAsynchronousStateException: An error occurred invoking the method.  The destination thread no longer exists.
   at System.Windows.Forms.WindowsFormsSynchronizationContext.Send(SendOrPostCallback d, Object state)
   at Awesomium.Core.WebCore.SwoYrDtsHvuLJUY08ID(Object , Object , Object )
   at Awesomium.Core.WebCore.wQrBKtHAGh()
[0114/163241:INFO:(0)] WebCore is now online.
[0114/163241:INFO:(0)] Running Awesomium 1.7.5.0
[0114/163523:WARNING:Awesomium.NET(0)] System.ComponentModel.InvalidAsynchronousStateException: An error occurred invoking the method.  The destination thread no longer exists.
   at System.Windows.Forms.WindowsFormsSynchronizationContext.Send(SendOrPostCallback d, Object state)
   at Awesomium.Core.WebCore.SwoYrDtsHvuLJUY08ID(Object , Object , Object )
   at Awesomium.Core.WebCore.wQrBKtHAGh()
[0114/165934:INFO:(0)] WebCore is now online.
[0114/165934:INFO:(0)] Running Awesomium 1.7.5.0
[0114/165942:WARNING:Awesomium.NET(0)] System.ComponentModel.InvalidAsynchronousStateException: An error occurred invoking the method.  The destination thread no longer exists.
   at System.Windows.Forms.WindowsFormsSynchronizationContext.Send(SendOrPostCallback d, Object state)
   at Awesomium.Core.WebCore.SwoYrDtsHvuLJUY08ID(Object , Object , Object )
   at Awesomium.Core.WebCore.wQrBKtHAGh()
[0114/170032:INFO:(0)] WebCore is now online.
[0114/170032:INFO:(0)] Running Awesomium 1.7.5.0
[0114/170043:ERROR:socket_stream_dispatcher_host.cc(143)] socket_id=2 already closed.
[0114/170120:WARNING:Awesomium.NET(0)] System.ComponentModel.InvalidAsynchronousStateException: An error occurred invoking the method.  The destination thread no longer exists.
   at System.Windows.Forms.WindowsFormsSynchronizationContext.Send(SendOrPostCallback d, Object state)
   at Awesomium.Core.WebCore.SwoYrDtsHvuLJUY08ID(Object , Object , Object )
   at Awesomium.Core.WebCore.wQrBKtHAGh()
[0114/170130:INFO:(0)] WebCore is now online.
[0114/170130:INFO:(0)] Running Awesomium 1.7.5.0
[0114/170139:ERROR:socket_stream_dispatcher_host.cc(143)] socket_id=2 already closed.
[0114/170151:WARNING:Awesomium.NET(0)] System.ComponentModel.InvalidAsynchronousStateException: An error occurred invoking the method.  The destination thread no longer exists.
   at System.Windows.Forms.WindowsFormsSynchronizationContext.Send(SendOrPostCallback d, Object state)
   at Awesomium.Core.WebCore.SwoYrDtsHvuLJUY08ID(Object , Object , Object )
   at Awesomium.Core.WebCore.wQrBKtHAGh()
[0114/170214:INFO:(0)] WebCore is now online.
[0114/170214:INFO:(0)] Running Awesomium 1.7.5.0
[0114/170222:ERROR:socket_stream_dispatcher_host.cc(143)] socket_id=2 already closed.
[0114/170226:WARNING:Awesomium.NET(0)] System.ComponentModel.InvalidAsynchronousStateException: An error occurred invoking the method.  The destination thread no longer exists.
   at System.Windows.Forms.WindowsFormsSynchronizationContext.Send(SendOrPostCallback d, Object state)
   at Awesomium.Core.WebCore.SwoYrDtsHvuLJUY08ID(Object , Object , Object )
   at Awesomium.Core.WebCore.wQrBKtHAGh()
[0114/170437:INFO:(0)] WebCore is now online.
[0114/170437:INFO:(0)] Running Awesomium 1.7.5.0
[0114/170900:WARNING:Awesomium.NET(0)] System.ComponentModel.InvalidAsynchronousStateException: An error occurred invoking the method.  The destination thread no longer exists.
   at System.Windows.Forms.WindowsFormsSynchronizationContext.Send(SendOrPostCallback d, Object state)
   at Awesomium.Core.WebCore.SwoYrDtsHvuLJUY08ID(Object , Object , Object )
   at Awesomium.Core.WebCore.wQrBKtHAGh()
[0114/171508:INFO:(0)] WebCore is now online.
[0114/171508:INFO:(0)] Running Awesomium 1.7.5.0
[0114/171625:INFO:(0)] WebCore is now online.
[0114/171625:INFO:(0)] Running Awesomium 1.7.5.0
[0114/171647:INFO:(0)] WebCore is now online.
[0114/171647:INFO:(0)] Running Awesomium 1.7.5.0
[0114/171735:INFO:(0)] WebCore is now online.
[0114/171735:INFO:(0)] Running Awesomium 1.7.5.0
[0114/171813:INFO:(0)] WebCore is now online.
[0114/171813:INFO:(0)] Running Awesomium 1.7.5.0
[0114/172342:INFO:(0)] WebCore is now online.
[0114/172342:INFO:(0)] Running Awesomium 1.7.5.0
[0114/172351:ERROR:socket_stream_dispatcher_host.cc(143)] socket_id=2 already closed.
[0114/172355:WARNING:Awesomium.NET(0)] System.ComponentModel.InvalidAsynchronousStateException: An error occurred invoking the method.  The destination thread no longer exists.
   at System.Windows.Forms.WindowsFormsSynchronizationContext.Send(SendOrPostCallback d, Object state)
   at Awesomium.Core.WebCore.SwoYrDtsHvuLJUY08ID(Object , Object , Object )
   at Awesomium.Core.WebCore.wQrBKtHAGh()
[0114/172508:INFO:(0)] WebCore is now online.
[0114/172508:INFO:(0)] Running Awesomium 1.7.5.0
[0114/172517:ERROR:socket_stream_dispatcher_host.cc(143)] socket_id=2 already closed.
[0114/172614:WARNING:Awesomium.NET(0)] System.ComponentModel.InvalidAsynchronousStateException: An error occurred invoking the method.  The destination thread no longer exists.
   at System.Windows.Forms.WindowsFormsSynchronizationContext.Send(SendOrPostCallback d, Object state)
   at Awesomium.Core.WebCore.SwoYrDtsHvuLJUY08ID(Object , Object , Object )
   at Awesomium.Core.WebCore.wQrBKtHAGh()
[0114/172621:INFO:(0)] WebCore is now online.
[0114/172621:INFO:(0)] Running Awesomium 1.7.5.0
[0114/172630:ERROR:socket_stream_dispatcher_host.cc(143)] socket_id=2 already closed.
[0114/172632:WARNING:Awesomium.NET(0)] System.ComponentModel.InvalidAsynchronousStateException: An error occurred invoking the method.  The destination thread no longer exists.
   at System.Windows.Forms.WindowsFormsSynchronizationContext.Send(SendOrPostCallback d, Object state)
   at Awesomium.Core.WebCore.SwoYrDtsHvuLJUY08ID(Object , Object , Object )
   at Awesomium.Core.WebCore.wQrBKtHAGh()
[0114/172643:INFO:(0)] WebCore is now online.
[0114/172643:INFO:(0)] Running Awesomium 1.7.5.0
[0114/172650:ERROR:socket_stream_dispatcher_host.cc(143)] socket_id=2 already closed.
[0114/172652:WARNING:Awesomium.NET(0)] System.ComponentModel.InvalidAsynchronousStateException: An error occurred invoking the method.  The destination thread no longer exists.
   at System.Windows.Forms.WindowsFormsSynchronizationContext.Send(SendOrPostCallback d, Object state)
   at Awesomium.Core.WebCore.SwoYrDtsHvuLJUY08ID(Object , Object , Object )
   at Awesomium.Core.WebCore.wQrBKtHAGh()
[0114/172658:INFO:(0)] WebCore is now online.
[0114/172658:INFO:(0)] Running Awesomium 1.7.5.0
[0114/172705:ERROR:socket_stream_dispatcher_host.cc(143)] socket_id=2 already closed.
[0114/172708:WARNING:Awesomium.NET(0)] System.ComponentModel.InvalidAsynchronousStateException: An error occurred invoking the method.  The destination thread no longer exists.
   at System.Windows.Forms.WindowsFormsSynchronizationContext.Send(SendOrPostCallback d, Object state)
   at Awesomium.Core.WebCore.SwoYrDtsHvuLJUY08ID(Object , Object , Object )
   at Awesomium.Core.WebCore.wQrBKtHAGh()
[0114/172742:INFO:(0)] WebCore is now online.
[0114/172742:INFO:(0)] Running Awesomium 1.7.5.0
[0114/172753:ERROR:socket_stream_dispatcher_host.cc(143)] socket_id=2 already closed.
[0114/172816:ERROR:ipc_channel_win.cc(360)] pipe error: 232
[0114/172816:WARNING:Awesomium.NET(0)] System.ComponentModel.InvalidAsynchronousStateException: An error occurred invoking the method.  The destination thread no longer exists.
   at System.Windows.Forms.WindowsFormsSynchronizationContext.Send(SendOrPostCallback d, Object state)
   at Awesomium.Core.WebCore.SwoYrDtsHvuLJUY08ID(Object , Object , Object )
   at Awesomium.Core.WebCore.wQrBKtHAGh()
[0114/172913:INFO:(0)] WebCore is now online.
[0114/172913:INFO:(0)] Running Awesomium 1.7.5.0
[0114/172923:ERROR:socket_stream_dispatcher_host.cc(143)] socket_id=2 already closed.
[0114/173117:WARNING:Awesomium.NET(0)] System.ComponentModel.InvalidAsynchronousStateException: An error occurred invoking the method.  The destination thread no longer exists.
   at System.Windows.Forms.WindowsFormsSynchronizationContext.Send(SendOrPostCallback d, Object state)
   at Awesomium.Core.WebCore.SwoYrDtsHvuLJUY08ID(Object , Object , Object )
   at Awesomium.Core.WebCore.wQrBKtHAGh()
[0114/173319:INFO:(0)] WebCore is now online.
[0114/173319:INFO:(0)] Running Awesomium 1.7.5.0
[0114/173327:ERROR:socket_stream_dispatcher_host.cc(143)] socket_id=2 already closed.
[0114/173347:WARNING:Awesomium.NET(0)] System.ComponentModel.InvalidAsynchronousStateException: An error occurred invoking the method.  The destination thread no longer exists.
   at System.Windows.Forms.WindowsFormsSynchronizationContext.Send(SendOrPostCallback d, Object state)
   at Awesomium.Core.WebCore.SwoYrDtsHvuLJUY08ID(Object , Object , Object )
   at Awesomium.Core.WebCore.wQrBKtHAGh()
[0114/173423:INFO:(0)] WebCore is now online.
[0114/173423:INFO:(0)] Running Awesomium 1.7.5.0
[0114/173429:ERROR:socket_stream_dispatcher_host.cc(143)] socket_id=2 already closed.
[0114/173506:WARNING:Awesomium.NET(0)] System.ComponentModel.InvalidAsynchronousStateException: An error occurred invoking the method.  The destination thread no longer exists.
   at System.Windows.Forms.WindowsFormsSynchronizationContext.Send(SendOrPostCallback d, Object state)
   at Awesomium.Core.WebCore.SwoYrDtsHvuLJUY08ID(Object , Object , Object )
   at Awesomium.Core.WebCore.wQrBKtHAGh()
[0114/173602:INFO:(0)] WebCore is now online.
[0114/173602:INFO:(0)] Running Awesomium 1.7.5.0
[0114/173612:ERROR:socket_stream_dispatcher_host.cc(143)] socket_id=2 already closed.
[0114/173627:WARNING:Awesomium.NET(0)] System.ComponentModel.InvalidAsynchronousStateException: An error occurred invoking the method.  The destination thread no longer exists.
   at System.Windows.Forms.WindowsFormsSynchronizationContext.Send(SendOrPostCallback d, Object state)
   at Awesomium.Core.WebCore.SwoYrDtsHvuLJUY08ID(Object , Object , Object )
   at Awesomium.Core.WebCore.wQrBKtHAGh()
[0114/173646:INFO:(0)] WebCore is now online.
[0114/173646:INFO:(0)] Running Awesomium 1.7.5.0
[0114/173654:ERROR:socket_stream_dispatcher_host.cc(143)] socket_id=2 already closed.
[0114/173702:WARNING:Awesomium.NET(0)] System.ComponentModel.InvalidAsynchronousStateException: An error occurred invoking the method.  The destination thread no longer exists.
   at System.Windows.Forms.WindowsFormsSynchronizationContext.Send(SendOrPostCallback d, Object state)
   at Awesomium.Core.WebCore.SwoYrDtsHvuLJUY08ID(Object , Object , Object )
   at Awesomium.Core.WebCore.wQrBKtHAGh()
[0114/173729:INFO:(0)] WebCore is now online.
[0114/173729:INFO:(0)] Running Awesomium 1.7.5.0
[0114/173736:ERROR:socket_stream_dispatcher_host.cc(143)] socket_id=2 already closed.
[0114/173741:WARNING:Awesomium.NET(0)] System.ComponentModel.InvalidAsynchronousStateException: An error occurred invoking the method.  The destination thread no longer exists.
   at System.Windows.Forms.WindowsFormsSynchronizationContext.Send(SendOrPostCallback d, Object state)
   at Awesomium.Core.WebCore.SwoYrDtsHvuLJUY08ID(Object , Object , Object )
   at Awesomium.Core.WebCore.wQrBKtHAGh()
[0114/173809:INFO:(0)] WebCore is now online.
[0114/173809:INFO:(0)] Running Awesomium 1.7.5.0
[0114/173847:WARNING:Awesomium.NET(0)] System.ComponentModel.InvalidAsynchronousStateException: An error occurred invoking the method.  The destination thread no longer exists.
   at System.Windows.Forms.WindowsFormsSynchronizationContext.Send(SendOrPostCallback d, Object state)
   at Awesomium.Core.WebCore.SwoYrDtsHvuLJUY08ID(Object , Object , Object )
   at Awesomium.Core.WebCore.wQrBKtHAGh()
[0114/173857:INFO:(0)] WebCore is now online.
[0114/173857:INFO:(0)] Running Awesomium 1.7.5.0
[0114/173924:WARNING:Awesomium.NET(0)] System.ComponentModel.InvalidAsynchronousStateException: An error occurred invoking the method.  The destination thread no longer exists.
   at System.Windows.Forms.WindowsFormsSynchronizationContext.Send(SendOrPostCallback d, Object state)
   at Awesomium.Core.WebCore.SwoYrDtsHvuLJUY08ID(Object , Object , Object )
   at Awesomium.Core.WebCore.wQrBKtHAGh()
[0114/174005:INFO:(0)] WebCore is now online.
[0114/174005:INFO:(0)] Running Awesomium 1.7.5.0
[0114/174022:WARNING:Awesomium.NET(0)] System.ComponentModel.InvalidAsynchronousStateException: An error occurred invoking the method.  The destination thread no longer exists.
   at System.Windows.Forms.WindowsFormsSynchronizationContext.Send(SendOrPostCallback d, Object state)
   at Awesomium.Core.WebCore.SwoYrDtsHvuLJUY08ID(Object , Object , Object )
   at Awesomium.Core.WebCore.wQrBKtHAGh()
[0114/174055:INFO:(0)] WebCore is now online.
[0114/174055:INFO:(0)] Running Awesomium 1.7.5.0
[0114/174110:WARNING:Awesomium.NET(0)] System.ComponentModel.InvalidAsynchronousStateException: An error occurred invoking the method.  The destination thread no longer exists.
   at System.Windows.Forms.WindowsFormsSynchronizationContext.Send(SendOrPostCallback d, Object state)
   at Awesomium.Core.WebCore.SwoYrDtsHvuLJUY08ID(Object , Object , Object )
   at Awesomium.Core.WebCore.wQrBKtHAGh()
[0114/174222:INFO:(0)] WebCore is now online.
[0114/174222:INFO:(0)] Running Awesomium 1.7.5.0
[0114/174224:WARNING:Awesomium.NET(0)] System.ComponentModel.InvalidAsynchronousStateException: An error occurred invoking the method.  The destination thread no longer exists.
   at System.Windows.Forms.WindowsFormsSynchronizationContext.Send(SendOrPostCallback d, Object state)
   at Awesomium.Core.WebCore.SwoYrDtsHvuLJUY08ID(Object , Object , Object )
   at Awesomium.Core.WebCore.wQrBKtHAGh()
[0114/174306:INFO:(0)] WebCore is now online.
[0114/174306:INFO:(0)] Running Awesomium 1.7.5.0
[0114/174309:WARNING:Awesomium.NET(0)] System.ComponentModel.InvalidAsynchronousStateException: An error occurred invoking the method.  The destination thread no longer exists.
   at System.Windows.Forms.WindowsFormsSynchronizationContext.Send(SendOrPostCallback d, Object state)
   at Awesomium.Core.WebCore.SwoYrDtsHvuLJUY08ID(Object , Object , Object )
   at Awesomium.Core.WebCore.wQrBKtHAGh()
[0114/174355:INFO:(0)] WebCore is now online.
[0114/174355:INFO:(0)] Running Awesomium 1.7.5.0
[0114/174357:WARNING:Awesomium.NET(0)] System.ComponentModel.InvalidAsynchronousStateException: An error occurred invoking the method.  The destination thread no longer exists.
   at System.Windows.Forms.WindowsFormsSynchronizationContext.Send(SendOrPostCallback d, Object state)
   at Awesomium.Core.WebCore.SwoYrDtsHvuLJUY08ID(Object , Object , Object )
   at Awesomium.Core.WebCore.wQrBKtHAGh()
[0114/174401:INFO:(0)] WebCore is now online.
[0114/174401:INFO:(0)] Running Awesomium 1.7.5.0
[0114/174408:ERROR:socket_stream_dispatcher_host.cc(143)] socket_id=2 already closed.
[0114/174516:WARNING:Awesomium.NET(0)] System.ComponentModel.InvalidAsynchronousStateException: An error occurred invoking the method.  The destination thread no longer exists.
   at System.Windows.Forms.WindowsFormsSynchronizationContext.Send(SendOrPostCallback d, Object state)
   at Awesomium.Core.WebCore.SwoYrDtsHvuLJUY08ID(Object , Object , Object )
   at Awesomium.Core.WebCore.wQrBKtHAGh()
[0114/174646:INFO:(0)] WebCore is now online.
[0114/174646:INFO:(0)] Running Awesomium 1.7.5.0
[0114/174722:INFO:(0)] WebCore is now online.
[0114/174722:INFO:(0)] Running Awesomium 1.7.5.0
[0114/174758:INFO:(0)] WebCore is now online.
[0114/174758:INFO:(0)] Running Awesomium 1.7.5.0
[0114/174807:ERROR:socket_stream_dispatcher_host.cc(143)] socket_id=2 already closed.
[0114/174822:WARNING:Awesomium.NET(0)] System.ComponentModel.InvalidAsynchronousStateException: An error occurred invoking the method.  The destination thread no longer exists.
   at System.Windows.Forms.WindowsFormsSynchronizationContext.Send(SendOrPostCallback d, Object state)
   at Awesomium.Core.WebCore.SwoYrDtsHvuLJUY08ID(Object , Object , Object )
   at Awesomium.Core.WebCore.wQrBKtHAGh()
[0114/174904:INFO:(0)] WebCore is now online.
[0114/174904:INFO:(0)] Running Awesomium 1.7.5.0
[0114/174912:ERROR:socket_stream_dispatcher_host.cc(143)] socket_id=2 already closed.
[0114/174934:WARNING:Awesomium.NET(0)] System.ComponentModel.InvalidAsynchronousStateException: An error occurred invoking the method.  The destination thread no longer exists.
   at System.Windows.Forms.WindowsFormsSynchronizationContext.Send(SendOrPostCallback d, Object state)
   at Awesomium.Core.WebCore.SwoYrDtsHvuLJUY08ID(Object , Object , Object )
   at Awesomium.Core.WebCore.wQrBKtHAGh()
[0114/174951:INFO:(0)] WebCore is now online.
[0114/174951:INFO:(0)] Running Awesomium 1.7.5.0
[0114/174959:ERROR:socket_stream_dispatcher_host.cc(143)] socket_id=2 already closed.
[0114/175004:WARNING:Awesomium.NET(0)] System.ComponentModel.InvalidAsynchronousStateException: An error occurred invoking the method.  The destination thread no longer exists.
   at System.Windows.Forms.WindowsFormsSynchronizationContext.Send(SendOrPostCallback d, Object state)
   at Awesomium.Core.WebCore.SwoYrDtsHvuLJUY08ID(Object , Object , Object )
   at Awesomium.Core.WebCore.wQrBKtHAGh()
[0114/175114:INFO:(0)] WebCore is now online.
[0114/175114:INFO:(0)] Running Awesomium 1.7.5.0
[0114/175129:ERROR:socket_stream_dispatcher_host.cc(143)] socket_id=2 already closed.
[0114/175215:WARNING:Awesomium.NET(0)] System.ComponentModel.InvalidAsynchronousStateException: An error occurred invoking the method.  The destination thread no longer exists.
   at System.Windows.Forms.WindowsFormsSynchronizationContext.Send(SendOrPostCallback d, Object state)
   at Awesomium.Core.WebCore.SwoYrDtsHvuLJUY08ID(Object , Object , Object )
   at Awesomium.Core.WebCore.wQrBKtHAGh()
[0114/175248:INFO:(0)] WebCore is now online.
[0114/175248:INFO:(0)] Running Awesomium 1.7.5.0
[0114/175257:ERROR:socket_stream_dispatcher_host.cc(143)] socket_id=2 already closed.
[0114/175302:WARNING:Awesomium.NET(0)] System.ComponentModel.InvalidAsynchronousStateException: An error occurred invoking the method.  The destination thread no longer exists.
   at System.Windows.Forms.WindowsFormsSynchronizationContext.Send(SendOrPostCallback d, Object state)
   at Awesomium.Core.WebCore.SwoYrDtsHvuLJUY08ID(Object , Object , Object )
   at Awesomium.Core.WebCore.wQrBKtHAGh()
[0114/175326:INFO:(0)] WebCore is now online.
[0114/175326:INFO:(0)] Running Awesomium 1.7.5.0
[0114/175333:ERROR:socket_stream_dispatcher_host.cc(143)] socket_id=2 already closed.
[0114/175401:WARNING:Awesomium.NET(0)] System.ComponentModel.InvalidAsynchronousStateException: An error occurred invoking the method.  The destination thread no longer exists.
   at System.Windows.Forms.WindowsFormsSynchronizationContext.Send(SendOrPostCallback d, Object state)
   at Awesomium.Core.WebCore.SwoYrDtsHvuLJUY08ID(Object , Object , Object )
   at Awesomium.Core.WebCore.wQrBKtHAGh()
[0114/175609:INFO:(0)] WebCore is now online.
[0114/175609:INFO:(0)] Running Awesomium 1.7.5.0
[0114/175615:ERROR:socket_stream_dispatcher_host.cc(143)] socket_id=2 already closed.
[0114/175832:WARNING:Awesomium.NET(0)] System.ComponentModel.InvalidAsynchronousStateException: An error occurred invoking the method.  The destination thread no longer exists.
   at System.Windows.Forms.WindowsFormsSynchronizationContext.Send(SendOrPostCallback d, Object state)
   at Awesomium.Core.WebCore.SwoYrDtsHvuLJUY08ID(Object , Object , Object )
   at Awesomium.Core.WebCore.wQrBKtHAGh()
[0114/175856:INFO:(0)] WebCore is now online.
[0114/175856:INFO:(0)] Running Awesomium 1.7.5.0
[0114/175904:ERROR:socket_stream_dispatcher_host.cc(143)] socket_id=2 already closed.
[0114/180116:WARNING:Awesomium.NET(0)] System.ComponentModel.InvalidAsynchronousStateException: An error occurred invoking the method.  The destination thread no longer exists.
   at System.Windows.Forms.WindowsFormsSynchronizationContext.Send(SendOrPostCallback d, Object state)
   at Awesomium.Core.WebCore.SwoYrDtsHvuLJUY08ID(Object , Object , Object )
   at Awesomium.Core.WebCore.wQrBKtHAGh()
[0114/180119:INFO:(0)] WebCore is now online.
[0114/180119:INFO:(0)] Running Awesomium 1.7.5.0
[0114/180122:ERROR:ipc_channel_win.cc(360)] pipe error: 232
[0114/180122:WARNING:Awesomium.NET(0)] System.ComponentModel.InvalidAsynchronousStateException: An error occurred invoking the method.  The destination thread no longer exists.
   at System.Windows.Forms.WindowsFormsSynchronizationContext.Send(SendOrPostCallback d, Object state)
   at Awesomium.Core.WebCore.SwoYrDtsHvuLJUY08ID(Object , Object , Object )
   at Awesomium.Core.WebCore.wQrBKtHAGh()
[0114/180134:INFO:(0)] WebCore is now online.
[0114/180134:INFO:(0)] Running Awesomium 1.7.5.0
[0114/180142:ERROR:socket_stream_dispatcher_host.cc(143)] socket_id=2 already closed.
[0114/180343:WARNING:Awesomium.NET(0)] System.ComponentModel.InvalidAsynchronousStateException: An error occurred invoking the method.  The destination thread no longer exists.
   at System.Windows.Forms.WindowsFormsSynchronizationContext.Send(SendOrPostCallback d, Object state)
   at Awesomium.Core.WebCore.SwoYrDtsHvuLJUY08ID(Object , Object , Object )
   at Awesomium.Core.WebCore.wQrBKtHAGh()
[0114/180619:INFO:(0)] WebCore is now online.
[0114/180619:INFO:(0)] Running Awesomium 1.7.5.0
[0114/180629:ERROR:socket_stream_dispatcher_host.cc(143)] socket_id=2 already closed.
[0114/180636:WARNING:Awesomium.NET(0)] System.ComponentModel.InvalidAsynchronousStateException: An error occurred invoking the method.  The destination thread no longer exists.
   at System.Windows.Forms.WindowsFormsSynchronizationContext.Send(SendOrPostCallback d, Object state)
   at Awesomium.Core.WebCore.SwoYrDtsHvuLJUY08ID(Object , Object , Object )
   at Awesomium.Core.WebCore.wQrBKtHAGh()
[0114/181239:INFO:(0)] WebCore is now online.
[0114/181239:INFO:(0)] Running Awesomium 1.7.5.0
[0114/181252:ERROR:socket_stream_dispatcher_host.cc(143)] socket_id=2 already closed.
[0114/181300:WARNING:Awesomium.NET(0)] System.ComponentModel.InvalidAsynchronousStateException: An error occurred invoking the method.  The destination thread no longer exists.
   at System.Windows.Forms.WindowsFormsSynchronizationContext.Send(SendOrPostCallback d, Object state)
   at Awesomium.Core.WebCore.SwoYrDtsHvuLJUY08ID(Object , Object , Object )
   at Awesomium.Core.WebCore.wQrBKtHAGh()
[0114/181331:INFO:(0)] WebCore is now online.
[0114/181331:INFO:(0)] Running Awesomium 1.7.5.0
[0114/181338:ERROR:socket_stream_dispatcher_host.cc(143)] socket_id=2 already closed.
[0114/181416:WARNING:Awesomium.NET(0)] System.ComponentModel.InvalidAsynchronousStateException: An error occurred invoking the method.  The destination thread no longer exists.
   at System.Windows.Forms.WindowsFormsSynchronizationContext.Send(SendOrPostCallback d, Object state)
   at Awesomium.Core.WebCore.SwoYrDtsHvuLJUY08ID(Object , Object , Object )
   at Awesomium.Core.WebCore.wQrBKtHAGh()
[0114/181445:INFO:(0)] WebCore is now online.
[0114/181445:INFO:(0)] Running Awesomium 1.7.5.0
[0114/181455:ERROR:socket_stream_dispatcher_host.cc(143)] socket_id=2 already closed.
[0114/181457:WARNING:Awesomium.NET(0)] System.ComponentModel.InvalidAsynchronousStateException: An error occurred invoking the method.  The destination thread no longer exists.
   at System.Windows.Forms.WindowsFormsSynchronizationContext.Send(SendOrPostCallback d, Object state)
   at Awesomium.Core.WebCore.SwoYrDtsHvuLJUY08ID(Object , Object , Object )
   at Awesomium.Core.WebCore.wQrBKtHAGh()
[0114/181504:INFO:(0)] WebCore is now online.
[0114/181504:INFO:(0)] Running Awesomium 1.7.5.0
[0114/181520:ERROR:socket_stream_dispatcher_host.cc(143)] socket_id=2 already closed.
[0114/181542:WARNING:Awesomium.NET(0)] System.ComponentModel.InvalidAsynchronousStateException: An error occurred invoking the method.  The destination thread no longer exists.
   at System.Windows.Forms.WindowsFormsSynchronizationContext.Send(SendOrPostCallback d, Object state)
   at Awesomium.Core.WebCore.SwoYrDtsHvuLJUY08ID(Object , Object , Object )
   at Awesomium.Core.WebCore.wQrBKtHAGh()
[0114/181625:INFO:(0)] WebCore is now online.
[0114/181625:INFO:(0)] Running Awesomium 1.7.5.0
[0114/181709:INFO:(0)] WebCore is now online.
[0114/181709:INFO:(0)] Running Awesomium 1.7.5.0
[0114/181733:INFO:(0)] WebCore is now online.
[0114/181733:INFO:(0)] Running Awesomium 1.7.5.0
[0114/181812:INFO:(0)] WebCore is now online.
[0114/181812:INFO:(0)] Running Awesomium 1.7.5.0
[0114/181826:ERROR:socket_stream_dispatcher_host.cc(143)] socket_id=2 already closed.
[0114/181835:WARNING:Awesomium.NET(0)] System.ComponentModel.InvalidAsynchronousStateException: An error occurred invoking the method.  The destination thread no longer exists.
   at System.Windows.Forms.WindowsFormsSynchronizationContext.Send(SendOrPostCallback d, Object state)
   at Awesomium.Core.WebCore.SwoYrDtsHvuLJUY08ID(Object , Object , Object )
   at Awesomium.Core.WebCore.wQrBKtHAGh()
[0114/181851:INFO:(0)] WebCore is now online.
[0114/181851:INFO:(0)] Running Awesomium 1.7.5.0
[0114/181900:ERROR:socket_stream_dispatcher_host.cc(143)] socket_id=2 already closed.
[0114/181943:WARNING:Awesomium.NET(0)] System.ComponentModel.InvalidAsynchronousStateException: An error occurred invoking the method.  The destination thread no longer exists.
   at System.Windows.Forms.WindowsFormsSynchronizationContext.Send(SendOrPostCallback d, Object state)
   at Awesomium.Core.WebCore.SwoYrDtsHvuLJUY08ID(Object , Object , Object )
   at Awesomium.Core.WebCore.wQrBKtHAGh()
[0114/182149:INFO:(0)] WebCore is now online.
[0114/182149:INFO:(0)] Running Awesomium 1.7.5.0
[0114/182158:ERROR:socket_stream_dispatcher_host.cc(143)] socket_id=2 already closed.
[0114/182221:ERROR:ipc_channel_win.cc(360)] pipe error: 232
[0114/182221:ERROR:ipc_channel_win.cc(360)] pipe error: 232
[0114/182221:WARNING:Awesomium.NET(0)] System.ComponentModel.InvalidAsynchronousStateException: An error occurred invoking the method.  The destination thread no longer exists.
   at System.Windows.Forms.WindowsFormsSynchronizationContext.Send(SendOrPostCallback d, Object state)
   at Awesomium.Core.WebCore.SwoYrDtsHvuLJUY08ID(Object , Object , Object )
   at Awesomium.Core.WebCore.wQrBKtHAGh()
[0114/182230:INFO:(0)] WebCore is now online.
[0114/182230:INFO:(0)] Running Awesomium 1.7.5.0
[0114/182247:INFO:(0)] WebCore is now online.
[0114/182247:INFO:(0)] Running Awesomium 1.7.5.0
[0114/182306:INFO:(0)] WebCore is now online.
[0114/182306:INFO:(0)] Running Awesomium 1.7.5.0
[0114/182312:ERROR:socket_stream_dispatcher_host.cc(143)] socket_id=2 already closed.
[0114/182427:INFO:(0)] WebCore is now online.
[0114/182427:INFO:(0)] Running Awesomium 1.7.5.0
[0114/182437:ERROR:socket_stream_dispatcher_host.cc(143)] socket_id=2 already closed.
[0114/182512:INFO:(0)] WebCore is now online.
[0114/182512:INFO:(0)] Running Awesomium 1.7.5.0
[0114/182518:ERROR:socket_stream_dispatcher_host.cc(143)] socket_id=2 already closed.
[0115/060956:INFO:(0)] WebCore is now online.
[0115/060956:INFO:(0)] Running Awesomium 1.7.5.0
[0115/061006:ERROR:socket_stream_dispatcher_host.cc(143)] socket_id=2 already closed.
[0115/061144:INFO:(0)] WebCore is now online.
[0115/061144:INFO:(0)] Running Awesomium 1.7.5.0
[0115/061151:ERROR:socket_stream_dispatcher_host.cc(143)] socket_id=2 already closed.
[0115/061227:WARNING:Awesomium.NET(0)] System.ComponentModel.InvalidAsynchronousStateException: An error occurred invoking the method.  The destination thread no longer exists.
   at System.Windows.Forms.WindowsFormsSynchronizationContext.Send(SendOrPostCallback d, Object state)
   at Awesomium.Core.WebCore.SwoYrDtsHvuLJUY08ID(Object , Object , Object )
   at Awesomium.Core.WebCore.wQrBKtHAGh()
[0115/061235:INFO:(0)] WebCore is now online.
[0115/061235:INFO:(0)] Running Awesomium 1.7.5.0
[0115/061331:ERROR:socket_stream_dispatcher_host.cc(143)] socket_id=2 already closed.
[0115/061338:WARNING:Awesomium.NET(0)] System.ComponentModel.InvalidAsynchronousStateException: An error occurred invoking the method.  The destination thread no longer exists.
   at System.Windows.Forms.WindowsFormsSynchronizationContext.Send(SendOrPostCallback d, Object state)
   at Awesomium.Core.WebCore.SwoYrDtsHvuLJUY08ID(Object , Object , Object )
   at Awesomium.Core.WebCore.wQrBKtHAGh()
[0115/061351:INFO:(0)] WebCore is now online.
[0115/061351:INFO:(0)] Running Awesomium 1.7.5.0
[0115/061417:ERROR:ipc_channel_win.cc(360)] pipe error: 232
[0115/061417:WARNING:Awesomium.NET(0)] System.ComponentModel.InvalidAsynchronousStateException: An error occurred invoking the method.  The destination thread no longer exists.
   at System.Windows.Forms.WindowsFormsSynchronizationContext.Send(SendOrPostCallback d, Object state)
   at Awesomium.Core.WebCore.SwoYrDtsHvuLJUY08ID(Object , Object , Object )
   at Awesomium.Core.WebCore.wQrBKtHAGh()
[0115/061449:INFO:(0)] WebCore is now online.
[0115/061449:INFO:(0)] Running Awesomium 1.7.5.0
[0115/061605:WARNING:Awesomium.NET(0)] System.ComponentModel.InvalidAsynchronousStateException: An error occurred invoking the method.  The destination thread no longer exists.
   at System.Windows.Forms.WindowsFormsSynchronizationContext.Send(SendOrPostCallback d, Object state)
   at Awesomium.Core.WebCore.SwoYrDtsHvuLJUY08ID(Object , Object , Object )
   at Awesomium.Core.WebCore.wQrBKtHAGh()
[0115/112957:INFO:(0)] WebCore is now online.
[0115/112957:INFO:(0)] Running Awesomium 1.7.5.0
[0115/113127:WARNING:Awesomium.NET(0)] System.ComponentModel.InvalidAsynchronousStateException: An error occurred invoking the method.  The destination thread no longer exists.
   at System.Windows.Forms.WindowsFormsSynchronizationContext.Send(SendOrPostCallback d, Object state)
   at Awesomium.Core.WebCore.SwoYrDtsHvuLJUY08ID(Object , Object , Object )
   at Awesomium.Core.WebCore.wQrBKtHAGh()
[0121/123615:INFO:(0)] WebCore is now online.
[0121/123615:INFO:(0)] Running Awesomium 1.7.5.0
[0121/123640:WARNING:Awesomium.NET(0)] System.ComponentModel.InvalidAsynchronousStateException: An error occurred invoking the method.  The destination thread no longer exists.
   at System.Windows.Forms.WindowsFormsSynchronizationContext.Send(SendOrPostCallback d, Object state)
   at Awesomium.Core.WebCore.SwoYrDtsHvuLJUY08ID(Object , Object , Object )
   at Awesomium.Core.WebCore.wQrBKtHAGh()
